<?xml version="1.0" encoding="UTF-8"?>
<!-- Generated by org.testng.reporters.JUnitReportReporter -->
<testsuite skipped="0" hostname="User-PC" name="com.fluke.testcase.android.TC_MeasureFilter_FCM1587_179" tests="3" failures="0" timestamp="27 Apr 2018 09:21:15 GMT" time="81.043" errors="0">
  <testcase name="Login" time="18.000" classname="com.fluke.testcase.android.TC_MeasureFilter_FCM1587_179"/>
  <testcase name="measureFilterOps" time="57.888" classname="com.fluke.testcase.android.TC_MeasureFilter_FCM1587_179"/>
  <testcase name="SignOutMobile" time="5.155" classname="com.fluke.testcase.android.TC_MeasureFilter_FCM1587_179"/>
</testsuite> <!-- com.fluke.testcase.android.TC_MeasureFilter_FCM1587_179 -->
