<?xml version="1.0" encoding="UTF-8"?>
<!-- Generated by org.testng.reporters.JUnitReportReporter -->
<testsuite skipped="0" hostname="DESKTOP-QTFQ6AF" name="com.fluke.connect.rough.LoginTest" tests="1" failures="0" timestamp="06 Apr 2018 17:34:13 GMT" time="2.489" errors="0">
  <testcase name="login" time="2.489" classname="com.fluke.connect.rough.LoginTest"/>
</testsuite> <!-- com.fluke.connect.rough.LoginTest -->
