<?xml version="1.0" encoding="UTF-8"?>
<!-- Generated by org.testng.reporters.JUnitReportReporter -->
<testsuite skipped="0" hostname="User-PC" name="com.fluke.testcase.android.TestByWinium" tests="2" failures="0" timestamp="27 Apr 2018 09:37:30 GMT" time="797.558" errors="0">
  <testcase name="testCases" time="779.617" classname="com.fluke.testcase.android.TestByWinium"/>
  <testcase name="applicationLaunch" time="17.941" classname="com.fluke.testcase.android.TestByWinium"/>
</testsuite> <!-- com.fluke.testcase.android.TestByWinium -->
