<?xml version="1.0" encoding="UTF-8"?>
<!-- Generated by org.testng.reporters.JUnitReportReporter -->
<testsuite skipped="0" hostname="DESKTOP-LTFTU4M" name="com.fluke.connect.winium_sikuli.testcases.TestByWinium2" tests="2" failures="0" timestamp="08 May 2018 17:33:55 GMT" time="36.058" errors="0">
  <testcase name="applicationLaunch" time="11.324" classname="com.fluke.connect.winium_sikuli.testcases.TestByWinium2"/>
  <testcase name="testCases" time="24.734" classname="com.fluke.connect.winium_sikuli.testcases.TestByWinium2"/>
</testsuite> <!-- com.fluke.connect.winium_sikuli.testcases.TestByWinium2 -->
