<?xml version="1.0" encoding="UTF-8"?>
<!-- Generated by org.testng.reporters.JUnitReportReporter -->
<testsuite skipped="0" hostname="User-PC" name="com.fluke.testcase.android.TestByWinium2" tests="2" failures="0" timestamp="03 May 2018 10:33:27 GMT" time="38.991" errors="0">
  <testcase name="testCases" time="26.433" classname="com.fluke.testcase.android.TestByWinium2"/>
  <testcase name="applicationLaunch" time="12.558" classname="com.fluke.testcase.android.TestByWinium2"/>
</testsuite> <!-- com.fluke.testcase.android.TestByWinium2 -->
