<?xml version="1.0" encoding="UTF-8"?>
<!-- Generated by org.testng.reporters.JUnitReportReporter -->
<testsuite skipped="0" hostname="DESKTOP-LTFTU4M" name="com.fluke.connect.winium_sikuli.testcases.TestBySikuli" tests="1" failures="0" timestamp="08 May 2018 17:34:57 GMT" time="22.867" errors="0">
  <testcase name="testCases" time="22.867" classname="com.fluke.connect.winium_sikuli.testcases.TestBySikuli"/>
</testsuite> <!-- com.fluke.connect.winium_sikuli.testcases.TestBySikuli -->
