<?xml version="1.0" encoding="UTF-8"?>
<!-- Generated by org.testng.reporters.JUnitReportReporter -->
<testsuite skipped="0" hostname="User-PC" name="com.fluke.testcase.android.TestBySikuli" tests="1" failures="0" timestamp="03 May 2018 10:36:45 GMT" time="20.255" errors="0">
  <testcase name="testCases" time="20.255" classname="com.fluke.testcase.android.TestBySikuli"/>
</testsuite> <!-- com.fluke.testcase.android.TestBySikuli -->
