<?xml version="1.0" encoding="UTF-8"?>
<!-- Generated by org.testng.reporters.JUnitReportReporter -->
<testsuite skipped="0" hostname="DESKTOP-LTFTU4M" name="com.fluke.connect.winium_sikuli.testcases.TestByWinium" tests="2" failures="0" timestamp="08 May 2018 14:02:48 GMT" time="62.257" errors="0">
  <testcase name="testCases" time="45.839" classname="com.fluke.connect.winium_sikuli.testcases.TestByWinium"/>
  <testcase name="applicationLaunch" time="16.418" classname="com.fluke.connect.winium_sikuli.testcases.TestByWinium"/>
</testsuite> <!-- com.fluke.connect.winium_sikuli.testcases.TestByWinium -->
